Swiper.apk/launcher/build/intermediates/manifest_merge_blame_file/release/manifest-merger-blame-release-report.txt
1<?xml version="1.0" encoding="utf-8"?>
2<manifest xmlns:android="http://schemas.android.com/apk/res/android"
3    package="com.DefaultCompany.com.unity.template.mobile2D"
4    android:installLocation="preferExternal"
5    android:versionCode="1"
6    android:versionName="1.0.2" >
7
8    <uses-sdk
9        android:minSdkVersion="22"
9-->src\main\AndroidManifest.xml
10        android:targetSdkVersion="30" />
10-->src\main\AndroidManifest.xml
11
12    <supports-screens
12-->src\main\AndroidManifest.xml:3:3-163
13        android:anyDensity="true"
13-->src\main\AndroidManifest.xml:3:135-160
14        android:largeScreens="true"
14-->src\main\AndroidManifest.xml:3:78-105
15        android:normalScreens="true"
15-->src\main\AndroidManifest.xml:3:49-77
16        android:smallScreens="true"
16-->src\main\AndroidManifest.xml:3:21-48
17        android:xlargeScreens="true" />
17-->src\main\AndroidManifest.xml:3:106-134
18
19    <uses-feature android:glEsVersion="0x00030000" />
19-->[:unityLibrary] AndroidManifest.xml:12:5-54
19-->[:unityLibrary] AndroidManifest.xml:12:19-51
20    <uses-feature
20-->[:unityLibrary] AndroidManifest.xml:13:5-15:36
21        android:name="android.hardware.vulkan.version"
21-->[:unityLibrary] AndroidManifest.xml:14:9-55
22        android:required="false" />
22-->[:unityLibrary] AndroidManifest.xml:15:9-33
23    <uses-feature
23-->[:unityLibrary] AndroidManifest.xml:16:5-18:36
24        android:name="android.hardware.touchscreen"
24-->[:unityLibrary] AndroidManifest.xml:17:9-52
25        android:required="false" />
25-->[:unityLibrary] AndroidManifest.xml:18:9-33
26    <uses-feature
26-->[:unityLibrary] AndroidManifest.xml:19:5-21:36
27        android:name="android.hardware.touchscreen.multitouch"
27-->[:unityLibrary] AndroidManifest.xml:20:9-63
28        android:required="false" />
28-->[:unityLibrary] AndroidManifest.xml:21:9-33
29    <uses-feature
29-->[:unityLibrary] AndroidManifest.xml:22:5-24:36
30        android:name="android.hardware.touchscreen.multitouch.distinct"
30-->[:unityLibrary] AndroidManifest.xml:23:9-72
31        android:required="false" />
31-->[:unityLibrary] AndroidManifest.xml:24:9-33
32
33    <uses-permission android:name="android.permission.POST_NOTIFICATIONS" />
33-->[:unityLibrary] AndroidManifest.xml:26:5-77
33-->[:unityLibrary] AndroidManifest.xml:26:22-74
34
35    <application
35-->src\main\AndroidManifest.xml:4:3-126
36        android:extractNativeLibs="true"
36-->[:unityLibrary] AndroidManifest.xml:28:18-50
37        android:icon="@mipmap/app_icon"
37-->src\main\AndroidManifest.xml:4:49-80
38        android:label="@string/app_name"
38-->src\main\AndroidManifest.xml:4:16-48
39        android:roundIcon="@mipmap/app_icon_round" >
39-->src\main\AndroidManifest.xml:4:81-123
40        <activity
40-->[:unityLibrary] AndroidManifest.xml:29:9-49:20
41            android:name="com.unity3d.player.UnityPlayerActivity"
41-->[:unityLibrary] AndroidManifest.xml:30:13-66
42            android:configChanges="mcc|mnc|locale|touchscreen|keyboard|keyboardHidden|navigation|orientation|screenLayout|uiMode|screenSize|smallestScreenSize|fontScale|layoutDirection|density"
42-->[:unityLibrary] AndroidManifest.xml:31:13-194
43            android:hardwareAccelerated="false"
43-->[:unityLibrary] AndroidManifest.xml:32:13-48
44            android:launchMode="singleTask"
44-->[:unityLibrary] AndroidManifest.xml:33:13-44
45            android:resizeableActivity="false"
45-->[:unityLibrary] AndroidManifest.xml:34:13-47
46            android:screenOrientation="userPortrait"
46-->[:unityLibrary] AndroidManifest.xml:35:13-53
47            android:theme="@style/UnityThemeSelector" >
47-->[:unityLibrary] AndroidManifest.xml:36:13-54
48            <intent-filter>
48-->[:unityLibrary] AndroidManifest.xml:37:13-41:29
49                <action android:name="android.intent.action.MAIN" />
49-->[:unityLibrary] AndroidManifest.xml:38:17-69
49-->[:unityLibrary] AndroidManifest.xml:38:25-66
50
51                <category android:name="android.intent.category.LAUNCHER" />
51-->[:unityLibrary] AndroidManifest.xml:40:17-77
51-->[:unityLibrary] AndroidManifest.xml:40:27-74
52            </intent-filter>
53
54            <meta-data
54-->[:unityLibrary] AndroidManifest.xml:43:13-45:40
55                android:name="unityplayer.UnityActivity"
55-->[:unityLibrary] AndroidManifest.xml:44:17-57
56                android:value="true" />
56-->[:unityLibrary] AndroidManifest.xml:45:17-37
57            <meta-data
57-->[:unityLibrary] AndroidManifest.xml:46:13-48:40
58                android:name="android.notch_support"
58-->[:unityLibrary] AndroidManifest.xml:47:17-53
59                android:value="true" />
59-->[:unityLibrary] AndroidManifest.xml:48:17-37
60        </activity>
61
62        <meta-data
62-->[:unityLibrary] AndroidManifest.xml:51:9-53:33
63            android:name="unity.splash-mode"
63-->[:unityLibrary] AndroidManifest.xml:52:13-45
64            android:value="0" />
64-->[:unityLibrary] AndroidManifest.xml:53:13-30
65        <meta-data
65-->[:unityLibrary] AndroidManifest.xml:54:9-56:36
66            android:name="unity.splash-enable"
66-->[:unityLibrary] AndroidManifest.xml:55:13-47
67            android:value="True" />
67-->[:unityLibrary] AndroidManifest.xml:56:13-33
68        <meta-data
68-->[:unityLibrary] AndroidManifest.xml:57:9-59:36
69            android:name="unity.launch-fullscreen"
69-->[:unityLibrary] AndroidManifest.xml:58:13-51
70            android:value="True" />
70-->[:unityLibrary] AndroidManifest.xml:59:13-33
71        <meta-data
71-->[:unityLibrary] AndroidManifest.xml:60:9-62:37
72            android:name="unity.allow-resizable-window"
72-->[:unityLibrary] AndroidManifest.xml:61:13-56
73            android:value="False" />
73-->[:unityLibrary] AndroidManifest.xml:62:13-34
74        <meta-data
74-->[:unityLibrary] AndroidManifest.xml:63:9-65:50
75            android:name="notch.config"
75-->[:unityLibrary] AndroidManifest.xml:64:13-40
76            android:value="portrait|landscape" />
76-->[:unityLibrary] AndroidManifest.xml:65:13-47
77        <meta-data
77-->[:unityLibrary] AndroidManifest.xml:66:9-68:36
78            android:name="unity.auto-report-fully-drawn"
78-->[:unityLibrary] AndroidManifest.xml:67:13-57
79            android:value="true" />
79-->[:unityLibrary] AndroidManifest.xml:68:13-33
80
81        <receiver
81-->[:unityLibrary] AndroidManifest.xml:70:9-72:40
82            android:name="com.unity.androidnotifications.UnityNotificationManager"
82-->[:unityLibrary] AndroidManifest.xml:71:13-83
83            android:exported="false" />
83-->[:unityLibrary] AndroidManifest.xml:72:13-37
84        <receiver
84-->[:unityLibrary] AndroidManifest.xml:73:9-80:20
85            android:name="com.unity.androidnotifications.UnityNotificationRestartOnBootReceiver"
85-->[:unityLibrary] AndroidManifest.xml:74:13-97
86            android:enabled="false"
86-->[:unityLibrary] AndroidManifest.xml:75:13-36
87            android:exported="false" >
87-->[:unityLibrary] AndroidManifest.xml:76:13-37
88            <intent-filter>
88-->[:unityLibrary] AndroidManifest.xml:77:13-79:29
89                <action android:name="android.intent.action.BOOT_COMPLETED" />
89-->[:unityLibrary] AndroidManifest.xml:78:17-79
89-->[:unityLibrary] AndroidManifest.xml:78:25-76
90            </intent-filter>
91        </receiver>
92
93        <meta-data
93-->[:unityLibrary] AndroidManifest.xml:82:9-84:33
94            android:name="com.unity.androidnotifications.exact_scheduling"
94-->[:unityLibrary] AndroidManifest.xml:83:13-75
95            android:value="0" />
95-->[:unityLibrary] AndroidManifest.xml:84:13-30
96    </application>
97
98</manifest>